INFO: [VRFC 10-2263] Analyzing Verilog file "/home/cod/Desktop/prj5_1/v1/prj5-cpu-opt-harvardchen/hardware/vivado_prj/prj_5/prj_5.sim/sim_1/synth/timing/mips_cpu_test_time_synth.v" into library xil_defaultlib
INFO: [VRFC 10-311] analyzing module IBUF_UNIQ_BASE_
INFO: [VRFC 10-311] analyzing module IBUF_HD203
INFO: [VRFC 10-311] analyzing module GPIO_Core
INFO: [VRFC 10-311] analyzing module GPIO_Core__1
INFO: [VRFC 10-311] analyzing module GPIO_Core__2
INFO: [VRFC 10-311] analyzing module GPIO_Core__3
INFO: [VRFC 10-311] analyzing module GPIO_Core__4
INFO: [VRFC 10-311] analyzing module GPIO_Core__5
INFO: [VRFC 10-311] analyzing module GPIO_Core__6
INFO: [VRFC 10-311] analyzing module GPIO_Core__7
INFO: [VRFC 10-311] analyzing module address_decoder
INFO: [VRFC 10-311] analyzing module address_decoder__1
INFO: [VRFC 10-311] analyzing module address_decoder__2
INFO: [VRFC 10-311] analyzing module address_decoder__3
INFO: [VRFC 10-311] analyzing module address_decoder__4
INFO: [VRFC 10-311] analyzing module address_decoder__5
INFO: [VRFC 10-311] analyzing module address_decoder__6
INFO: [VRFC 10-311] analyzing module address_decoder__7
INFO: [VRFC 10-311] analyzing module address_decoder__parameterized0
INFO: [VRFC 10-311] analyzing module alu
INFO: [VRFC 10-311] analyzing module axi_bram_ctrl
INFO: [VRFC 10-311] analyzing module axi_bram_ctrl_top
INFO: [VRFC 10-311] analyzing module axi_bram_if
INFO: [VRFC 10-311] analyzing module axi_crossbar_v2_1_14_addr_arbiter_sasd
INFO: [VRFC 10-311] analyzing module axi_crossbar_v2_1_14_addr_arbiter_sasd__1
INFO: [VRFC 10-311] analyzing module axi_crossbar_v2_1_14_addr_decoder
INFO: [VRFC 10-311] analyzing module axi_crossbar_v2_1_14_addr_decoder__parameterized0
INFO: [VRFC 10-311] analyzing module axi_crossbar_v2_1_14_axi_crossbar
INFO: [VRFC 10-311] analyzing module axi_crossbar_v2_1_14_axi_crossbar__parameterized0
INFO: [VRFC 10-311] analyzing module axi_crossbar_v2_1_14_crossbar_sasd
INFO: [VRFC 10-311] analyzing module axi_crossbar_v2_1_14_crossbar_sasd__parameterized0
INFO: [VRFC 10-311] analyzing module axi_crossbar_v2_1_14_decerr_slave
INFO: [VRFC 10-311] analyzing module axi_crossbar_v2_1_14_decerr_slave__1
INFO: [VRFC 10-311] analyzing module axi_crossbar_v2_1_14_splitter
INFO: [VRFC 10-311] analyzing module axi_crossbar_v2_1_14_splitter__1
INFO: [VRFC 10-311] analyzing module axi_crossbar_v2_1_14_splitter__parameterized0
INFO: [VRFC 10-311] analyzing module axi_crossbar_v2_1_14_splitter__parameterized0__1
INFO: [VRFC 10-311] analyzing module axi_gpio
INFO: [VRFC 10-311] analyzing module axi_gpio__1
INFO: [VRFC 10-311] analyzing module axi_gpio__2
INFO: [VRFC 10-311] analyzing module axi_gpio__3
INFO: [VRFC 10-311] analyzing module axi_gpio__4
INFO: [VRFC 10-311] analyzing module axi_gpio__5
INFO: [VRFC 10-311] analyzing module axi_gpio__6
INFO: [VRFC 10-311] analyzing module axi_gpio__7
INFO: [VRFC 10-311] analyzing module axi_lite_ipif
INFO: [VRFC 10-311] analyzing module axi_lite_ipif__1
INFO: [VRFC 10-311] analyzing module axi_lite_ipif__2
INFO: [VRFC 10-311] analyzing module axi_lite_ipif__3
INFO: [VRFC 10-311] analyzing module axi_lite_ipif__4
INFO: [VRFC 10-311] analyzing module axi_lite_ipif__5
INFO: [VRFC 10-311] analyzing module axi_lite_ipif__6
INFO: [VRFC 10-311] analyzing module axi_lite_ipif__7
INFO: [VRFC 10-311] analyzing module axi_lite_ipif__parameterized0
INFO: [VRFC 10-311] analyzing module axi_register_slice_v2_1_13_axic_register_slice
INFO: [VRFC 10-311] analyzing module axi_register_slice_v2_1_13_axic_register_slice__1
INFO: [VRFC 10-311] analyzing module axi_uartlite
INFO: [VRFC 10-311] analyzing module barrel_shifter
INFO: [VRFC 10-311] analyzing module baudrate
INFO: [VRFC 10-311] analyzing module cdc_sync
INFO: [VRFC 10-311] analyzing module cdc_sync__1
INFO: [VRFC 10-311] analyzing module cdc_sync__10
INFO: [VRFC 10-311] analyzing module cdc_sync__11
INFO: [VRFC 10-311] analyzing module cdc_sync__12
INFO: [VRFC 10-311] analyzing module cdc_sync__13
INFO: [VRFC 10-311] analyzing module cdc_sync__14
INFO: [VRFC 10-311] analyzing module cdc_sync__15
INFO: [VRFC 10-311] analyzing module cdc_sync__2
INFO: [VRFC 10-311] analyzing module cdc_sync__3
INFO: [VRFC 10-311] analyzing module cdc_sync__4
INFO: [VRFC 10-311] analyzing module cdc_sync__5
INFO: [VRFC 10-311] analyzing module cdc_sync__6
INFO: [VRFC 10-311] analyzing module cdc_sync__7
INFO: [VRFC 10-311] analyzing module cdc_sync__8
INFO: [VRFC 10-311] analyzing module cdc_sync__9
INFO: [VRFC 10-311] analyzing module cdc_sync__parameterized0
INFO: [VRFC 10-311] analyzing module cntr_incr_decr_addn_f
INFO: [VRFC 10-311] analyzing module cntr_incr_decr_addn_f__1
INFO: [VRFC 10-311] analyzing module control_unit
INFO: [VRFC 10-311] analyzing module dynshreg_f
INFO: [VRFC 10-311] analyzing module dynshreg_f__1
INFO: [VRFC 10-311] analyzing module dynshreg_i_f
INFO: [VRFC 10-311] analyzing module dynshreg_i_f__parameterized0
INFO: [VRFC 10-311] analyzing module full_axi
INFO: [VRFC 10-311] analyzing module generic_baseblocks_v2_1_0_carry_and
INFO: [VRFC 10-311] analyzing module generic_baseblocks_v2_1_0_carry_and__10
INFO: [VRFC 10-311] analyzing module generic_baseblocks_v2_1_0_carry_and__13
INFO: [VRFC 10-311] analyzing module generic_baseblocks_v2_1_0_carry_and__14
INFO: [VRFC 10-311] analyzing module generic_baseblocks_v2_1_0_carry_and__15
INFO: [VRFC 10-311] analyzing module generic_baseblocks_v2_1_0_carry_and__18
INFO: [VRFC 10-311] analyzing module generic_baseblocks_v2_1_0_carry_and__19
INFO: [VRFC 10-311] analyzing module generic_baseblocks_v2_1_0_carry_and__20
INFO: [VRFC 10-311] analyzing module generic_baseblocks_v2_1_0_carry_and__23
INFO: [VRFC 10-311] analyzing module generic_baseblocks_v2_1_0_carry_and__24
INFO: [VRFC 10-311] analyzing module generic_baseblocks_v2_1_0_carry_and__25
INFO: [VRFC 10-311] analyzing module generic_baseblocks_v2_1_0_carry_and__28
INFO: [VRFC 10-311] analyzing module generic_baseblocks_v2_1_0_carry_and__29
INFO: [VRFC 10-311] analyzing module generic_baseblocks_v2_1_0_carry_and__3
INFO: [VRFC 10-311] analyzing module generic_baseblocks_v2_1_0_carry_and__30
INFO: [VRFC 10-311] analyzing module generic_baseblocks_v2_1_0_carry_and__33
INFO: [VRFC 10-311] analyzing module generic_baseblocks_v2_1_0_carry_and__34
INFO: [VRFC 10-311] analyzing module generic_baseblocks_v2_1_0_carry_and__35
INFO: [VRFC 10-311] analyzing module generic_baseblocks_v2_1_0_carry_and__38
INFO: [VRFC 10-311] analyzing module generic_baseblocks_v2_1_0_carry_and__39
INFO: [VRFC 10-311] analyzing module generic_baseblocks_v2_1_0_carry_and__4
INFO: [VRFC 10-311] analyzing module generic_baseblocks_v2_1_0_carry_and__40
INFO: [VRFC 10-311] analyzing module generic_baseblocks_v2_1_0_carry_and__44
INFO: [VRFC 10-311] analyzing module generic_baseblocks_v2_1_0_carry_and__45
INFO: [VRFC 10-311] analyzing module generic_baseblocks_v2_1_0_carry_and__48
INFO: [VRFC 10-311] analyzing module generic_baseblocks_v2_1_0_carry_and__49
INFO: [VRFC 10-311] analyzing module generic_baseblocks_v2_1_0_carry_and__5
INFO: [VRFC 10-311] analyzing module generic_baseblocks_v2_1_0_carry_and__50
INFO: [VRFC 10-311] analyzing module generic_baseblocks_v2_1_0_carry_and__51
INFO: [VRFC 10-311] analyzing module generic_baseblocks_v2_1_0_carry_and__52
INFO: [VRFC 10-311] analyzing module generic_baseblocks_v2_1_0_carry_and__55
INFO: [VRFC 10-311] analyzing module generic_baseblocks_v2_1_0_carry_and__56
INFO: [VRFC 10-311] analyzing module generic_baseblocks_v2_1_0_carry_and__57
INFO: [VRFC 10-311] analyzing module generic_baseblocks_v2_1_0_carry_and__60
INFO: [VRFC 10-311] analyzing module generic_baseblocks_v2_1_0_carry_and__61
INFO: [VRFC 10-311] analyzing module generic_baseblocks_v2_1_0_carry_and__62
INFO: [VRFC 10-311] analyzing module generic_baseblocks_v2_1_0_carry_and__65
INFO: [VRFC 10-311] analyzing module generic_baseblocks_v2_1_0_carry_and__66
INFO: [VRFC 10-311] analyzing module generic_baseblocks_v2_1_0_carry_and__67
INFO: [VRFC 10-311] analyzing module generic_baseblocks_v2_1_0_carry_and__70
INFO: [VRFC 10-311] analyzing module generic_baseblocks_v2_1_0_carry_and__71
INFO: [VRFC 10-311] analyzing module generic_baseblocks_v2_1_0_carry_and__72
INFO: [VRFC 10-311] analyzing module generic_baseblocks_v2_1_0_carry_and__75
INFO: [VRFC 10-311] analyzing module generic_baseblocks_v2_1_0_carry_and__76
INFO: [VRFC 10-311] analyzing module generic_baseblocks_v2_1_0_carry_and__77
INFO: [VRFC 10-311] analyzing module generic_baseblocks_v2_1_0_carry_and__8
INFO: [VRFC 10-311] analyzing module generic_baseblocks_v2_1_0_carry_and__80
INFO: [VRFC 10-311] analyzing module generic_baseblocks_v2_1_0_carry_and__81
INFO: [VRFC 10-311] analyzing module generic_baseblocks_v2_1_0_carry_and__82
INFO: [VRFC 10-311] analyzing module generic_baseblocks_v2_1_0_carry_and__85
INFO: [VRFC 10-311] analyzing module generic_baseblocks_v2_1_0_carry_and__86
INFO: [VRFC 10-311] analyzing module generic_baseblocks_v2_1_0_carry_and__87
INFO: [VRFC 10-311] analyzing module generic_baseblocks_v2_1_0_carry_and__9
INFO: [VRFC 10-311] analyzing module generic_baseblocks_v2_1_0_comparator_static
INFO: [VRFC 10-311] analyzing module generic_baseblocks_v2_1_0_comparator_static__1
INFO: [VRFC 10-311] analyzing module generic_baseblocks_v2_1_0_comparator_static__parameterized0
INFO: [VRFC 10-311] analyzing module generic_baseblocks_v2_1_0_comparator_static__parameterized0__1
INFO: [VRFC 10-311] analyzing module generic_baseblocks_v2_1_0_comparator_static__parameterized1
INFO: [VRFC 10-311] analyzing module generic_baseblocks_v2_1_0_comparator_static__parameterized1__1
INFO: [VRFC 10-311] analyzing module generic_baseblocks_v2_1_0_comparator_static__parameterized2
INFO: [VRFC 10-311] analyzing module generic_baseblocks_v2_1_0_comparator_static__parameterized2__1
INFO: [VRFC 10-311] analyzing module generic_baseblocks_v2_1_0_comparator_static__parameterized3
INFO: [VRFC 10-311] analyzing module generic_baseblocks_v2_1_0_comparator_static__parameterized3__1
INFO: [VRFC 10-311] analyzing module generic_baseblocks_v2_1_0_comparator_static__parameterized4
INFO: [VRFC 10-311] analyzing module generic_baseblocks_v2_1_0_comparator_static__parameterized4__1
INFO: [VRFC 10-311] analyzing module generic_baseblocks_v2_1_0_comparator_static__parameterized5
INFO: [VRFC 10-311] analyzing module generic_baseblocks_v2_1_0_comparator_static__parameterized5__1
INFO: [VRFC 10-311] analyzing module generic_baseblocks_v2_1_0_comparator_static__parameterized6
INFO: [VRFC 10-311] analyzing module generic_baseblocks_v2_1_0_comparator_static__parameterized6__1
INFO: [VRFC 10-311] analyzing module generic_baseblocks_v2_1_0_comparator_static__parameterized7
INFO: [VRFC 10-311] analyzing module generic_baseblocks_v2_1_0_comparator_static__parameterized8
INFO: [VRFC 10-311] analyzing module generic_baseblocks_v2_1_0_mux_enc
INFO: [VRFC 10-311] analyzing module generic_baseblocks_v2_1_0_mux_enc__1
INFO: [VRFC 10-311] analyzing module generic_baseblocks_v2_1_0_mux_enc__2
INFO: [VRFC 10-311] analyzing module generic_baseblocks_v2_1_0_mux_enc__3
INFO: [VRFC 10-311] analyzing module generic_baseblocks_v2_1_0_mux_enc__4
INFO: [VRFC 10-311] analyzing module generic_baseblocks_v2_1_0_mux_enc__parameterized0
INFO: [VRFC 10-311] analyzing module generic_baseblocks_v2_1_0_mux_enc__parameterized0__1
INFO: [VRFC 10-311] analyzing module generic_baseblocks_v2_1_0_mux_enc__parameterized0__2
INFO: [VRFC 10-311] analyzing module generic_baseblocks_v2_1_0_mux_enc__parameterized0__3
INFO: [VRFC 10-311] analyzing module generic_baseblocks_v2_1_0_mux_enc__parameterized1
INFO: [VRFC 10-311] analyzing module generic_baseblocks_v2_1_0_mux_enc__parameterized2
INFO: [VRFC 10-311] analyzing module generic_baseblocks_v2_1_0_mux_enc__parameterized3
INFO: [VRFC 10-311] analyzing module generic_baseblocks_v2_1_0_mux_enc__parameterized3__1
INFO: [VRFC 10-311] analyzing module generic_baseblocks_v2_1_0_mux_enc__parameterized3__2
INFO: [VRFC 10-311] analyzing module generic_baseblocks_v2_1_0_mux_enc__parameterized3__3
INFO: [VRFC 10-311] analyzing module generic_baseblocks_v2_1_0_mux_enc__parameterized3__4
INFO: [VRFC 10-311] analyzing module generic_baseblocks_v2_1_0_mux_enc__parameterized4
INFO: [VRFC 10-311] analyzing module generic_baseblocks_v2_1_0_mux_enc__parameterized5
INFO: [VRFC 10-311] analyzing module m00_couplers_imp_1R6WPDP
INFO: [VRFC 10-311] analyzing module mips_bram
INFO: [VRFC 10-311] analyzing module mips_cpu
INFO: [VRFC 10-311] analyzing module mips_cpu_fpga
INFO: [VRFC 10-311] analyzing module mips_cpu_top
INFO: [VRFC 10-311] analyzing module pselect_f
INFO: [VRFC 10-311] analyzing module pselect_f__parameterized0
INFO: [VRFC 10-311] analyzing module pselect_f__parameterized1
INFO: [VRFC 10-311] analyzing module pselect_f__parameterized2
INFO: [VRFC 10-311] analyzing module rd_chnl
INFO: [VRFC 10-311] analyzing module reg_file
INFO: [VRFC 10-311] analyzing module sim
INFO: [VRFC 10-311] analyzing module sim_auto_pc_0
INFO: [VRFC 10-311] analyzing module sim_axi4_gpio_ic_0
INFO: [VRFC 10-311] analyzing module sim_axi_gpio_0_0
INFO: [VRFC 10-311] analyzing module sim_axi_gpio_1_0
INFO: [VRFC 10-311] analyzing module sim_axi_gpio_2_0
INFO: [VRFC 10-311] analyzing module sim_axi_gpio_3_0
INFO: [VRFC 10-311] analyzing module sim_axi_gpio_4_0
INFO: [VRFC 10-311] analyzing module sim_axi_gpio_5_0
INFO: [VRFC 10-311] analyzing module sim_axi_gpio_6_0
INFO: [VRFC 10-311] analyzing module sim_axi_gpio_7_0
INFO: [VRFC 10-311] analyzing module sim_axi_uart_0
INFO: [VRFC 10-311] analyzing module sim_mips_axi_ic_0
INFO: [VRFC 10-311] analyzing module sim_mips_reset_gen_0
INFO: [VRFC 10-311] analyzing module sim_wrapper
INFO: [VRFC 10-311] analyzing module sim_xbar_0
INFO: [VRFC 10-311] analyzing module sim_xbar_1
INFO: [VRFC 10-311] analyzing module slave_attachment
INFO: [VRFC 10-311] analyzing module slave_attachment__1
INFO: [VRFC 10-311] analyzing module slave_attachment__2
INFO: [VRFC 10-311] analyzing module slave_attachment__3
INFO: [VRFC 10-311] analyzing module slave_attachment__4
INFO: [VRFC 10-311] analyzing module slave_attachment__5
INFO: [VRFC 10-311] analyzing module slave_attachment__6
INFO: [VRFC 10-311] analyzing module slave_attachment__7
INFO: [VRFC 10-311] analyzing module slave_attachment__parameterized0
INFO: [VRFC 10-311] analyzing module sng_port_arb
INFO: [VRFC 10-311] analyzing module srl_fifo_f
INFO: [VRFC 10-311] analyzing module srl_fifo_f__1
INFO: [VRFC 10-311] analyzing module srl_fifo_rbu_f
INFO: [VRFC 10-311] analyzing module srl_fifo_rbu_f__1
INFO: [VRFC 10-311] analyzing module ua_narrow
INFO: [VRFC 10-311] analyzing module ua_narrow__1
INFO: [VRFC 10-311] analyzing module uartlite_core
INFO: [VRFC 10-311] analyzing module uartlite_rx
INFO: [VRFC 10-311] analyzing module uartlite_tx
INFO: [VRFC 10-311] analyzing module util_vector_logic_v2_0_1_util_vector_logic
INFO: [VRFC 10-311] analyzing module wr_chnl
INFO: [VRFC 10-311] analyzing module wrap_brst
INFO: [VRFC 10-311] analyzing module wrap_brst__1
INFO: [VRFC 10-311] analyzing module bindec__1
INFO: [VRFC 10-311] analyzing module blk_mem_gen_generic_cstr
INFO: [VRFC 10-311] analyzing module blk_mem_gen_mux
INFO: [VRFC 10-311] analyzing module blk_mem_gen_prim_width
INFO: [VRFC 10-311] analyzing module blk_mem_gen_prim_width__parameterized0
INFO: [VRFC 10-311] analyzing module blk_mem_gen_prim_width__parameterized1
INFO: [VRFC 10-311] analyzing module blk_mem_gen_prim_width__parameterized10
INFO: [VRFC 10-311] analyzing module blk_mem_gen_prim_width__parameterized11
INFO: [VRFC 10-311] analyzing module blk_mem_gen_prim_width__parameterized12
INFO: [VRFC 10-311] analyzing module blk_mem_gen_prim_width__parameterized13
INFO: [VRFC 10-311] analyzing module blk_mem_gen_prim_width__parameterized14
INFO: [VRFC 10-311] analyzing module blk_mem_gen_prim_width__parameterized2
INFO: [VRFC 10-311] analyzing module blk_mem_gen_prim_width__parameterized3
INFO: [VRFC 10-311] analyzing module blk_mem_gen_prim_width__parameterized4
INFO: [VRFC 10-311] analyzing module blk_mem_gen_prim_width__parameterized5
INFO: [VRFC 10-311] analyzing module blk_mem_gen_prim_width__parameterized6
INFO: [VRFC 10-311] analyzing module blk_mem_gen_prim_width__parameterized7
INFO: [VRFC 10-311] analyzing module blk_mem_gen_prim_width__parameterized8
INFO: [VRFC 10-311] analyzing module blk_mem_gen_prim_width__parameterized9
INFO: [VRFC 10-311] analyzing module blk_mem_gen_prim_wrapper_init
INFO: [VRFC 10-311] analyzing module blk_mem_gen_prim_wrapper_init__parameterized0
INFO: [VRFC 10-311] analyzing module blk_mem_gen_prim_wrapper_init__parameterized1
INFO: [VRFC 10-311] analyzing module blk_mem_gen_prim_wrapper_init__parameterized10
INFO: [VRFC 10-311] analyzing module blk_mem_gen_prim_wrapper_init__parameterized11
INFO: [VRFC 10-311] analyzing module blk_mem_gen_prim_wrapper_init__parameterized12
INFO: [VRFC 10-311] analyzing module blk_mem_gen_prim_wrapper_init__parameterized13
INFO: [VRFC 10-311] analyzing module blk_mem_gen_prim_wrapper_init__parameterized14
INFO: [VRFC 10-311] analyzing module blk_mem_gen_prim_wrapper_init__parameterized2
INFO: [VRFC 10-311] analyzing module blk_mem_gen_prim_wrapper_init__parameterized3
INFO: [VRFC 10-311] analyzing module blk_mem_gen_prim_wrapper_init__parameterized4
INFO: [VRFC 10-311] analyzing module blk_mem_gen_prim_wrapper_init__parameterized5
INFO: [VRFC 10-311] analyzing module blk_mem_gen_prim_wrapper_init__parameterized6
INFO: [VRFC 10-311] analyzing module blk_mem_gen_prim_wrapper_init__parameterized7
INFO: [VRFC 10-311] analyzing module blk_mem_gen_prim_wrapper_init__parameterized8
INFO: [VRFC 10-311] analyzing module blk_mem_gen_prim_wrapper_init__parameterized9
INFO: [VRFC 10-311] analyzing module blk_mem_gen_top
INFO: [VRFC 10-311] analyzing module blk_mem_gen_v8_3_6
INFO: [VRFC 10-311] analyzing module blk_mem_gen_v8_3_6_synth
INFO: [VRFC 10-311] analyzing module glbl
INFO: [VRFC 10-2263] Analyzing Verilog file "/home/cod/Desktop/prj5_1/v1/prj5-cpu-opt-harvardchen/hardware/sources/testbench/mips_cpu_test.v" into library xil_defaultlib
INFO: [VRFC 10-311] analyzing module mips_cpu_test
INFO: [VRFC 10-2263] Analyzing Verilog file "/home/cod/Desktop/prj5_1/v1/prj5-cpu-opt-harvardchen/hardware/sources/testbench/uart_recv_sim.v" into library xil_defaultlib
INFO: [VRFC 10-311] analyzing module uart_recv_sim
