Vivado Simulator 2017.2
Copyright 1986-1999, 2001-2016 Xilinx, Inc. All Rights Reserved.
Running: /opt/Xilinx/Vivado/2017.2/bin/unwrapped/lnx64.o/xelab -wto f69d1cf14a51445aa6b40209d802cf1d --debug typical --relax --mt 8 --maxdelay -d MIPS_CPU_FULL_SIMU= -L xil_defaultlib -L simprims_ver -L secureip --snapshot mips_cpu_test_time_synth -transport_int_delays -pulse_r 0 -pulse_int_r 0 -pulse_e 0 -pulse_int_e 0 xil_defaultlib.mips_cpu_test xil_defaultlib.glbl -log elaborate.log 
Using 8 slave threads.
Starting static elaboration
Completed static elaboration
Starting simulation data flow analysis
Completed simulation data flow analysis
INFO: [XSIM 43-3451] SDF backannotation process started with SDF file "mips_cpu_test_time_synth.sdf", for root module "mips_cpu_test/u_mips_cpu".
INFO: [XSIM 43-3452] SDF backannotation was successful for SDF file "mips_cpu_test_time_synth.sdf", for root module "mips_cpu_test/u_mips_cpu".
Time Resolution for simulation is 1ps
Compiling module simprims_ver.BUFGCE(CE_TYPE="ASYNC")
Compiling module simprims_ver.IBUFCTRL_default
Compiling module simprims_ver.INBUF_default
Compiling module xil_defaultlib.IBUF_UNIQ_BASE_
Compiling module simprims_ver.OBUF
Compiling module xil_defaultlib.IBUF_HD203
Compiling module simprims_ver.LUT6
Compiling module simprims_ver.x_lut2_mux4
Compiling module simprims_ver.LUT2
Compiling module simprims_ver.GND
Compiling module simprims_ver.x_lut1_mux2
Compiling module simprims_ver.LUT1
Compiling module simprims_ver.x_lut3_mux8
Compiling module simprims_ver.LUT3
Compiling module simprims_ver.LUT5
Compiling module simprims_ver.LUT4
Compiling module simprims_ver.FDRE_default
Compiling module simprims_ver.MUXF7
Compiling module xil_defaultlib.sng_port_arb
Compiling module simprims_ver.CARRY8
Compiling module xil_defaultlib.ua_narrow
Compiling module xil_defaultlib.wrap_brst
Compiling module xil_defaultlib.rd_chnl
Compiling module xil_defaultlib.ua_narrow__1
Compiling module xil_defaultlib.wrap_brst__1
Compiling module xil_defaultlib.wr_chnl
Compiling module xil_defaultlib.full_axi
Compiling module xil_defaultlib.axi_bram_ctrl_top
Compiling module xil_defaultlib.axi_bram_ctrl
Compiling module xil_defaultlib.axi_bram_if
Compiling module xil_defaultlib.bindec__1
Compiling module xil_defaultlib.blk_mem_gen_mux
Compiling module simprims_ver.RAMB36E2(CLOCK_DOMAINS="COMMON",...
Compiling module xil_defaultlib.blk_mem_gen_prim_wrapper_init
Compiling module xil_defaultlib.blk_mem_gen_prim_width
Compiling module simprims_ver.RAMB36E2(CLOCK_DOMAINS="COMMON",...
Compiling module xil_defaultlib.blk_mem_gen_prim_wrapper_init__p...
Compiling module xil_defaultlib.blk_mem_gen_prim_width__paramete...
Compiling module xil_defaultlib.blk_mem_gen_prim_wrapper_init__p...
Compiling module xil_defaultlib.blk_mem_gen_prim_width__paramete...
Compiling module simprims_ver.RAMB36E2(CLOCK_DOMAINS="COMMON",...
Compiling module xil_defaultlib.blk_mem_gen_prim_wrapper_init__p...
Compiling module xil_defaultlib.blk_mem_gen_prim_width__paramete...
Compiling module xil_defaultlib.blk_mem_gen_prim_wrapper_init__p...
Compiling module xil_defaultlib.blk_mem_gen_prim_width__paramete...
Compiling module xil_defaultlib.blk_mem_gen_prim_wrapper_init__p...
Compiling module xil_defaultlib.blk_mem_gen_prim_width__paramete...
Compiling module xil_defaultlib.blk_mem_gen_prim_wrapper_init__p...
Compiling module xil_defaultlib.blk_mem_gen_prim_width__paramete...
Compiling module xil_defaultlib.blk_mem_gen_prim_wrapper_init__p...
Compiling module xil_defaultlib.blk_mem_gen_prim_width__paramete...
Compiling module xil_defaultlib.blk_mem_gen_prim_wrapper_init__p...
Compiling module xil_defaultlib.blk_mem_gen_prim_width__paramete...
Compiling module xil_defaultlib.blk_mem_gen_prim_wrapper_init__p...
Compiling module xil_defaultlib.blk_mem_gen_prim_width__paramete...
Compiling module simprims_ver.RAMB36E2(CLOCK_DOMAINS="COMMON",...
Compiling module xil_defaultlib.blk_mem_gen_prim_wrapper_init__p...
Compiling module xil_defaultlib.blk_mem_gen_prim_width__paramete...
Compiling module xil_defaultlib.blk_mem_gen_prim_wrapper_init__p...
Compiling module xil_defaultlib.blk_mem_gen_prim_width__paramete...
Compiling module xil_defaultlib.blk_mem_gen_prim_wrapper_init__p...
Compiling module xil_defaultlib.blk_mem_gen_prim_width__paramete...
Compiling module xil_defaultlib.blk_mem_gen_prim_wrapper_init__p...
Compiling module xil_defaultlib.blk_mem_gen_prim_width__paramete...
Compiling module simprims_ver.RAMB36E2(CLOCK_DOMAINS="COMMON",...
Compiling module xil_defaultlib.blk_mem_gen_prim_wrapper_init__p...
Compiling module xil_defaultlib.blk_mem_gen_prim_width__paramete...
Compiling module xil_defaultlib.blk_mem_gen_prim_wrapper_init__p...
Compiling module xil_defaultlib.blk_mem_gen_prim_width__paramete...
Compiling module xil_defaultlib.blk_mem_gen_generic_cstr
Compiling module xil_defaultlib.blk_mem_gen_top
Compiling module xil_defaultlib.blk_mem_gen_v8_3_6_synth
Compiling module xil_defaultlib.blk_mem_gen_v8_3_6
Compiling module xil_defaultlib.mips_bram
Compiling module simprims_ver.FDSE_default
Compiling module xil_defaultlib.alu
Compiling module xil_defaultlib.control_unit
Compiling module xil_defaultlib.reg_file
Compiling module simprims_ver.latchsre_ldce
Compiling module simprims_ver.LDCE
Compiling module xil_defaultlib.barrel_shifter
Compiling module xil_defaultlib.mips_cpu
Compiling module xil_defaultlib.mips_cpu_top
Compiling module xil_defaultlib.axi_crossbar_v2_1_14_addr_arbite...
Compiling module xil_defaultlib.generic_baseblocks_v2_1_0_carry_...
Compiling module xil_defaultlib.generic_baseblocks_v2_1_0_carry_...
Compiling module xil_defaultlib.generic_baseblocks_v2_1_0_carry_...
Compiling module xil_defaultlib.generic_baseblocks_v2_1_0_compar...
Compiling module xil_defaultlib.generic_baseblocks_v2_1_0_carry_...
Compiling module xil_defaultlib.generic_baseblocks_v2_1_0_carry_...
Compiling module xil_defaultlib.generic_baseblocks_v2_1_0_carry_...
Compiling module xil_defaultlib.generic_baseblocks_v2_1_0_compar...
Compiling module xil_defaultlib.generic_baseblocks_v2_1_0_carry_...
Compiling module xil_defaultlib.generic_baseblocks_v2_1_0_carry_...
Compiling module xil_defaultlib.generic_baseblocks_v2_1_0_carry_...
Compiling module xil_defaultlib.generic_baseblocks_v2_1_0_compar...
Compiling module xil_defaultlib.generic_baseblocks_v2_1_0_carry_...
Compiling module xil_defaultlib.generic_baseblocks_v2_1_0_carry_...
Compiling module xil_defaultlib.generic_baseblocks_v2_1_0_carry_...
Compiling module xil_defaultlib.generic_baseblocks_v2_1_0_compar...
Compiling module xil_defaultlib.generic_baseblocks_v2_1_0_carry_...
Compiling module xil_defaultlib.generic_baseblocks_v2_1_0_carry_...
Compiling module xil_defaultlib.generic_baseblocks_v2_1_0_carry_...
Compiling module xil_defaultlib.generic_baseblocks_v2_1_0_compar...
Compiling module xil_defaultlib.generic_baseblocks_v2_1_0_carry_...
Compiling module xil_defaultlib.generic_baseblocks_v2_1_0_carry_...
Compiling module xil_defaultlib.generic_baseblocks_v2_1_0_carry_...
Compiling module xil_defaultlib.generic_baseblocks_v2_1_0_compar...
Compiling module xil_defaultlib.generic_baseblocks_v2_1_0_carry_...
Compiling module xil_defaultlib.generic_baseblocks_v2_1_0_carry_...
Compiling module xil_defaultlib.generic_baseblocks_v2_1_0_carry_...
Compiling module xil_defaultlib.generic_baseblocks_v2_1_0_compar...
Compiling module xil_defaultlib.generic_baseblocks_v2_1_0_carry_...
Compiling module xil_defaultlib.generic_baseblocks_v2_1_0_carry_...
Compiling module xil_defaultlib.generic_baseblocks_v2_1_0_carry_...
Compiling module xil_defaultlib.generic_baseblocks_v2_1_0_compar...
Compiling module xil_defaultlib.axi_crossbar_v2_1_14_addr_decode...
Compiling module xil_defaultlib.axi_crossbar_v2_1_14_decerr_slav...
Compiling module xil_defaultlib.generic_baseblocks_v2_1_0_mux_en...
Compiling module xil_defaultlib.generic_baseblocks_v2_1_0_mux_en...
Compiling module simprims_ver.MUXF8
Compiling module xil_defaultlib.generic_baseblocks_v2_1_0_mux_en...
Compiling module xil_defaultlib.generic_baseblocks_v2_1_0_mux_en...
Compiling module xil_defaultlib.generic_baseblocks_v2_1_0_mux_en...
Compiling module xil_defaultlib.generic_baseblocks_v2_1_0_mux_en...
Compiling module xil_defaultlib.generic_baseblocks_v2_1_0_mux_en...
Compiling module xil_defaultlib.axi_register_slice_v2_1_13_axic_...
Compiling module xil_defaultlib.generic_baseblocks_v2_1_0_mux_en...
Compiling module xil_defaultlib.generic_baseblocks_v2_1_0_mux_en...
Compiling module xil_defaultlib.axi_crossbar_v2_1_14_splitter__p...
Compiling module xil_defaultlib.axi_crossbar_v2_1_14_splitter__1
Compiling module xil_defaultlib.axi_crossbar_v2_1_14_crossbar_sa...
Compiling module xil_defaultlib.axi_crossbar_v2_1_14_axi_crossba...
Compiling module xil_defaultlib.sim_xbar_1
Compiling module xil_defaultlib.sim_axi4_gpio_ic_0
Compiling module xil_defaultlib.address_decoder__1
Compiling module xil_defaultlib.slave_attachment__1
Compiling module xil_defaultlib.axi_lite_ipif__1
Compiling module simprims_ver.FDRE(XON="FALSE")
Compiling module xil_defaultlib.cdc_sync__3
Compiling module xil_defaultlib.cdc_sync__2
Compiling module xil_defaultlib.GPIO_Core__1
Compiling module xil_defaultlib.axi_gpio__1
Compiling module xil_defaultlib.sim_axi_gpio_0_0
Compiling module xil_defaultlib.address_decoder__2
Compiling module xil_defaultlib.slave_attachment__2
Compiling module xil_defaultlib.axi_lite_ipif__2
Compiling module xil_defaultlib.cdc_sync__5
Compiling module xil_defaultlib.cdc_sync__4
Compiling module xil_defaultlib.GPIO_Core__2
Compiling module xil_defaultlib.axi_gpio__2
Compiling module xil_defaultlib.sim_axi_gpio_1_0
Compiling module xil_defaultlib.address_decoder__3
Compiling module xil_defaultlib.slave_attachment__3
Compiling module xil_defaultlib.axi_lite_ipif__3
Compiling module xil_defaultlib.cdc_sync__7
Compiling module xil_defaultlib.cdc_sync__6
Compiling module xil_defaultlib.GPIO_Core__3
Compiling module xil_defaultlib.axi_gpio__3
Compiling module xil_defaultlib.sim_axi_gpio_2_0
Compiling module xil_defaultlib.address_decoder__4
Compiling module xil_defaultlib.slave_attachment__4
Compiling module xil_defaultlib.axi_lite_ipif__4
Compiling module xil_defaultlib.cdc_sync__9
Compiling module xil_defaultlib.cdc_sync__8
Compiling module xil_defaultlib.GPIO_Core__4
Compiling module xil_defaultlib.axi_gpio__4
Compiling module xil_defaultlib.sim_axi_gpio_3_0
Compiling module xil_defaultlib.address_decoder__5
Compiling module xil_defaultlib.slave_attachment__5
Compiling module xil_defaultlib.axi_lite_ipif__5
Compiling module xil_defaultlib.cdc_sync__11
Compiling module xil_defaultlib.cdc_sync__10
Compiling module xil_defaultlib.GPIO_Core__5
Compiling module xil_defaultlib.axi_gpio__5
Compiling module xil_defaultlib.sim_axi_gpio_4_0
Compiling module xil_defaultlib.address_decoder__6
Compiling module xil_defaultlib.slave_attachment__6
Compiling module xil_defaultlib.axi_lite_ipif__6
Compiling module xil_defaultlib.cdc_sync__13
Compiling module xil_defaultlib.cdc_sync__12
Compiling module xil_defaultlib.GPIO_Core__6
Compiling module xil_defaultlib.axi_gpio__6
Compiling module xil_defaultlib.sim_axi_gpio_5_0
Compiling module xil_defaultlib.address_decoder__7
Compiling module xil_defaultlib.slave_attachment__7
Compiling module xil_defaultlib.axi_lite_ipif__7
Compiling module xil_defaultlib.cdc_sync__15
Compiling module xil_defaultlib.cdc_sync__14
Compiling module xil_defaultlib.GPIO_Core__7
Compiling module xil_defaultlib.axi_gpio__7
Compiling module xil_defaultlib.sim_axi_gpio_6_0
Compiling module xil_defaultlib.address_decoder
Compiling module xil_defaultlib.slave_attachment
Compiling module xil_defaultlib.axi_lite_ipif
Compiling module xil_defaultlib.cdc_sync__1
Compiling module xil_defaultlib.cdc_sync
Compiling module xil_defaultlib.GPIO_Core
Compiling module xil_defaultlib.axi_gpio
Compiling module xil_defaultlib.sim_axi_gpio_7_0
Compiling module xil_defaultlib.pselect_f
Compiling module xil_defaultlib.pselect_f__parameterized0
Compiling module xil_defaultlib.pselect_f__parameterized1
Compiling module xil_defaultlib.pselect_f__parameterized2
Compiling module xil_defaultlib.address_decoder__parameterized0
Compiling module xil_defaultlib.slave_attachment__parameterized0
Compiling module xil_defaultlib.axi_lite_ipif__parameterized0
Compiling module xil_defaultlib.baudrate
Compiling module simprims_ver.SRL16E_default
Compiling module xil_defaultlib.dynshreg_i_f
Compiling module xil_defaultlib.cdc_sync__parameterized0
Compiling module xil_defaultlib.cntr_incr_decr_addn_f__1
Compiling module xil_defaultlib.dynshreg_f__1
Compiling module xil_defaultlib.srl_fifo_rbu_f__1
Compiling module xil_defaultlib.srl_fifo_f__1
Compiling module xil_defaultlib.uartlite_rx
Compiling module xil_defaultlib.dynshreg_i_f__parameterized0
Compiling module xil_defaultlib.cntr_incr_decr_addn_f
Compiling module xil_defaultlib.dynshreg_f
Compiling module xil_defaultlib.srl_fifo_rbu_f
Compiling module xil_defaultlib.srl_fifo_f
Compiling module xil_defaultlib.uartlite_tx
Compiling module xil_defaultlib.uartlite_core
Compiling module xil_defaultlib.axi_uartlite
Compiling module xil_defaultlib.sim_axi_uart_0
Compiling module simprims_ver.VCC
Compiling module xil_defaultlib.sim_auto_pc_0
Compiling module xil_defaultlib.m00_couplers_imp_1R6WPDP
Compiling module xil_defaultlib.axi_crossbar_v2_1_14_addr_arbite...
Compiling module xil_defaultlib.generic_baseblocks_v2_1_0_carry_...
Compiling module xil_defaultlib.generic_baseblocks_v2_1_0_carry_...
Compiling module xil_defaultlib.generic_baseblocks_v2_1_0_compar...
Compiling module xil_defaultlib.generic_baseblocks_v2_1_0_carry_...
Compiling module xil_defaultlib.generic_baseblocks_v2_1_0_carry_...
Compiling module xil_defaultlib.generic_baseblocks_v2_1_0_carry_...
Compiling module xil_defaultlib.generic_baseblocks_v2_1_0_compar...
Compiling module xil_defaultlib.generic_baseblocks_v2_1_0_carry_...
Compiling module xil_defaultlib.generic_baseblocks_v2_1_0_carry_...
Compiling module xil_defaultlib.generic_baseblocks_v2_1_0_carry_...
Compiling module xil_defaultlib.generic_baseblocks_v2_1_0_compar...
Compiling module xil_defaultlib.generic_baseblocks_v2_1_0_carry_...
Compiling module xil_defaultlib.generic_baseblocks_v2_1_0_carry_...
Compiling module xil_defaultlib.generic_baseblocks_v2_1_0_carry_...
Compiling module xil_defaultlib.generic_baseblocks_v2_1_0_compar...
Compiling module xil_defaultlib.generic_baseblocks_v2_1_0_carry_...
Compiling module xil_defaultlib.generic_baseblocks_v2_1_0_carry_...
Compiling module xil_defaultlib.generic_baseblocks_v2_1_0_carry_...
Compiling module xil_defaultlib.generic_baseblocks_v2_1_0_compar...
Compiling module xil_defaultlib.generic_baseblocks_v2_1_0_carry_...
Compiling module xil_defaultlib.generic_baseblocks_v2_1_0_carry_...
Compiling module xil_defaultlib.generic_baseblocks_v2_1_0_carry_...
Compiling module xil_defaultlib.generic_baseblocks_v2_1_0_compar...
Compiling module xil_defaultlib.generic_baseblocks_v2_1_0_carry_...
Compiling module xil_defaultlib.generic_baseblocks_v2_1_0_carry_...
Compiling module xil_defaultlib.generic_baseblocks_v2_1_0_carry_...
Compiling module xil_defaultlib.generic_baseblocks_v2_1_0_compar...
Compiling module xil_defaultlib.generic_baseblocks_v2_1_0_carry_...
Compiling module xil_defaultlib.generic_baseblocks_v2_1_0_carry_...
Compiling module xil_defaultlib.generic_baseblocks_v2_1_0_carry_...
Compiling module xil_defaultlib.generic_baseblocks_v2_1_0_compar...
Compiling module xil_defaultlib.generic_baseblocks_v2_1_0_carry_...
Compiling module xil_defaultlib.generic_baseblocks_v2_1_0_carry_...
Compiling module xil_defaultlib.generic_baseblocks_v2_1_0_carry_...
Compiling module xil_defaultlib.generic_baseblocks_v2_1_0_compar...
Compiling module xil_defaultlib.generic_baseblocks_v2_1_0_carry_...
Compiling module xil_defaultlib.generic_baseblocks_v2_1_0_carry_...
Compiling module xil_defaultlib.generic_baseblocks_v2_1_0_carry_...
Compiling module xil_defaultlib.generic_baseblocks_v2_1_0_compar...
Compiling module xil_defaultlib.axi_crossbar_v2_1_14_addr_decode...
Compiling module xil_defaultlib.axi_crossbar_v2_1_14_decerr_slav...
Compiling module xil_defaultlib.generic_baseblocks_v2_1_0_mux_en...
Compiling module xil_defaultlib.generic_baseblocks_v2_1_0_mux_en...
Compiling module xil_defaultlib.generic_baseblocks_v2_1_0_mux_en...
Compiling module xil_defaultlib.generic_baseblocks_v2_1_0_mux_en...
Compiling module xil_defaultlib.generic_baseblocks_v2_1_0_mux_en...
Compiling module xil_defaultlib.generic_baseblocks_v2_1_0_mux_en...
Compiling module xil_defaultlib.generic_baseblocks_v2_1_0_mux_en...
Compiling module xil_defaultlib.axi_register_slice_v2_1_13_axic_...
Compiling module xil_defaultlib.generic_baseblocks_v2_1_0_mux_en...
Compiling module xil_defaultlib.generic_baseblocks_v2_1_0_mux_en...
Compiling module xil_defaultlib.axi_crossbar_v2_1_14_splitter__p...
Compiling module xil_defaultlib.axi_crossbar_v2_1_14_splitter
Compiling module xil_defaultlib.axi_crossbar_v2_1_14_crossbar_sa...
Compiling module xil_defaultlib.axi_crossbar_v2_1_14_axi_crossba...
Compiling module xil_defaultlib.sim_xbar_0
Compiling module xil_defaultlib.sim_mips_axi_ic_0
Compiling module xil_defaultlib.util_vector_logic_v2_0_1_util_ve...
Compiling module xil_defaultlib.sim_mips_reset_gen_0
Compiling module xil_defaultlib.sim
Compiling module xil_defaultlib.sim_wrapper
Compiling module xil_defaultlib.mips_cpu_fpga
Compiling module xil_defaultlib.mips_cpu_test
Compiling module xil_defaultlib.glbl
Built simulation snapshot mips_cpu_test_time_synth
